You must specify an object for the Get-Member cmdlet.
You must specify an object for the Get-Member cmdlet.
You must specify an object for the Get-Member cmdlet.
Invalid URI: The server name 'Default Role Assignment Policy' could not be parsed. You might need to enable internationalized domain name support for class System.Uri. See help of class System.Uri for more details.
Could not load file or assembly 'Microsoft.Exchange.Data, Version=14.0.0.0, Culture=neutral, PublicKeyToken=31bf3856ad364e35' or one of its dependencies. The system cannot find the file specified.
Cannot bind argument to parameter 'Name' because it is null.
Cannot bind argument to parameter 'Name' because it is null.
Cannot bind argument to parameter 'Name' because it is null.
Cannot bind argument to parameter 'Name' because it is null.
Cannot bind argument to parameter 'Name' because it is null.
Cannot bind argument to parameter 'Name' because it is null.
Cannot bind argument to parameter 'Name' because it is null.
Cannot bind argument to parameter 'Name' because it is null.
Cannot bind argument to parameter 'Name' because it is null.
Cannot bind argument to parameter 'Name' because it is null.
Cannot bind argument to parameter 'Name' because it is null.
Cannot bind argument to parameter 'Name' because it is null.
Cannot bind argument to parameter 'Name' because it is null.
Cannot bind argument to parameter 'Name' because it is null.
Cannot bind argument to parameter 'Name' because it is null.
Cannot bind argument to parameter 'Name' because it is null.
Cannot bind argument to parameter 'Name' because it is null.
Cannot bind argument to parameter 'Name' because it is null.
Cannot bind argument to parameter 'Name' because it is null.
Cannot bind argument to parameter 'Name' because it is null.
Exception calling "OpenSubKey" with "1" argument(s): "Requested registry access is not allowed."
Exception calling "OpenSubKey" with "1" argument(s): "Requested registry access is not allowed."
Exception calling "OpenSubKey" with "1" argument(s): "Requested registry access is not allowed."
Exception calling "OpenSubKey" with "1" argument(s): "Requested registry access is not allowed."
