Collection was modified; enumeration operation may not execute.
At C:\LazyWinAdmin\GITS\PSScripts\ACTIVEDIRECTORY\ADHealthCheck-21-MAR-2019.ps1:701 char:10
+ foreach ($HealthObject in $HealthReport) {
+          ~~~~~~~~~~~~~
    + CategoryInfo          : OperationStopped: (:) [], InvalidOperationException
    + FullyQualifiedErrorId : System.InvalidOperationException
 
You cannot call a method on a null-valued expression.
    + CategoryInfo          : InvalidOperation: (:) [], RuntimeException
    + FullyQualifiedErrorId : InvokeMethodOnNull
    + PSComputerName        : localhost
 
You cannot call a method on a null-valued expression.
    + CategoryInfo          : InvalidOperation: (:) [], RuntimeException
    + FullyQualifiedErrorId : InvokeMethodOnNull
    + PSComputerName        : localhost
 
You cannot call a method on a null-valued expression.
    + CategoryInfo          : InvalidOperation: (:) [], RuntimeException
    + FullyQualifiedErrorId : InvokeMethodOnNull
    + PSComputerName        : localhost
 
You cannot call a method on a null-valued expression.
    + CategoryInfo          : InvalidOperation: (:) [], RuntimeException
    + FullyQualifiedErrorId : InvokeMethodOnNull
    + PSComputerName        : localhost
 
Exception calling "Send" with "1" argument(s): "Failure sending mail."
At C:\LazyWinAdmin\GITS\PSScripts\ACTIVEDIRECTORY\ADHealthCheck.ps1:350 char:1
+ $smtp.send($msg)
+ ~~~~~~~~~~~~~~~~
    + CategoryInfo          : NotSpecified: (:) [], MethodInvocationException
    + FullyQualifiedErrorId : SmtpException
 
Get-Variable : Cannot find a variable with the name 'SourceLocation'.
At C:\Program Files\WindowsPowerShell\Modules\PowerShellGet\2.1.4\PSModule.psm1:11212 char:13
+         if (Get-Variable -Name SourceLocation -ErrorAction SilentlyCo ...
+             ~~~~~~~~~~~~~~~~~~~~~~~~~~~~~~~~~~~~~~~~~~~~~~~~~~~~~~~~~
    + CategoryInfo          : ObjectNotFound: (SourceLocation:String) [Get-Variable], ItemNotFoundException
    + FullyQualifiedErrorId : VariableNotFound,Microsoft.PowerShell.Commands.GetVariableCommand
 
Get-Variable : Cannot find a variable with the name 'SourceLocation'.
At C:\Program Files\WindowsPowerShell\Modules\PowerShellGet\2.1.4\PSModule.psm1:11212 char:13
+         if (Get-Variable -Name SourceLocation -ErrorAction SilentlyCo ...
+             ~~~~~~~~~~~~~~~~~~~~~~~~~~~~~~~~~~~~~~~~~~~~~~~~~~~~~~~~~
    + CategoryInfo          : ObjectNotFound: (SourceLocation:String) [Get-Variable], ItemNotFoundException
    + FullyQualifiedErrorId : VariableNotFound,Microsoft.PowerShell.Commands.GetVariableCommand
 
Get-Variable : Cannot find a variable with the name 'PackageManagementProvider'.
At C:\Program Files\WindowsPowerShell\Modules\PowerShellGet\2.1.4\PSModule.psm1:11903 char:21
+ ...         if (Get-Variable -Name PackageManagementProvider -ErrorAction ...
+                 ~~~~~~~~~~~~~~~~~~~~~~~~~~~~~~~~~~~~~~~~~~~~~~~~~~~~~~~~~
    + CategoryInfo          : ObjectNotFound: (PackageManagementProvider:String) [Get-Variable], ItemNotFoundException
    + FullyQualifiedErrorId : VariableNotFound,Microsoft.PowerShell.Commands.GetVariableCommand
 
Get-Variable : Cannot find a variable with the name 'SourceLocation'.
At C:\Program Files\WindowsPowerShell\Modules\PowerShellGet\2.1.4\PSModule.psm1:11899 char:21
+ ...         if (Get-Variable -Name SourceLocation -ErrorAction SilentlyCo ...
+                 ~~~~~~~~~~~~~~~~~~~~~~~~~~~~~~~~~~~~~~~~~~~~~~~~~~~~~~~~~
    + CategoryInfo          : ObjectNotFound: (SourceLocation:String) [Get-Variable], ItemNotFoundException
    + FullyQualifiedErrorId : VariableNotFound,Microsoft.PowerShell.Commands.GetVariableCommand
 
