C1BSKYPE01.CREDITONEAPP.BIZ
Access is denied. (Exception from HRESULT: 0x80070005 (E_ACCESSDENIED))
IQORCOLLECT02.Contoso.CORP
Access is denied. (Exception from HRESULT: 0x80070005 (E_ACCESSDENIED))
LASAIR01.Contoso.CORP
The running command stopped because the preference variable "ErrorActionPreference" or common parameter is set to Stop: Testing connection to computer 'LASAIR01.Contoso.CORP' failed: Error 
due to lack of resources
LASAIRCC01.Contoso.CORP
The running command stopped because the preference variable "ErrorActionPreference" or common parameter is set to Stop: Testing connection to computer 'LASAIRCC01.Contoso.CORP' failed: 
Error due to lack of resources
LASBIZCASUB01.CREDITONEAPP.BIZ
The running command stopped because the preference variable "ErrorActionPreference" or common parameter is set to Stop: Access denied 
LASCAPS03.Contoso.CORP
The running command stopped because the preference variable "ErrorActionPreference" or common parameter is set to Stop: Testing connection to computer 'LASCAPS03.Contoso.CORP' failed: No 
such host is known
LASCAPS04.Contoso.CORP
The running command stopped because the preference variable "ErrorActionPreference" or common parameter is set to Stop: Testing connection to computer 'LASCAPS04.Contoso.CORP' failed: No 
such host is known
LASNOBHAR01.CREDITONEAPP.BIZ
The running command stopped because the preference variable "ErrorActionPreference" or common parameter is set to Stop: The RPC server is unavailable. (Exception from HRESULT: 0x800706BA)
LASNOBVAS01.CREDITONEAPP.BIZ
The running command stopped because the preference variable "ErrorActionPreference" or common parameter is set to Stop: The RPC server is unavailable. (Exception from HRESULT: 0x800706BA)
LASNOBWEB01.CREDITONEAPP.BIZ
The running command stopped because the preference variable "ErrorActionPreference" or common parameter is set to Stop: The RPC server is unavailable. (Exception from HRESULT: 0x800706BA)
LASPROCAPP03.CREDITONEAPP.BIZ
The running command stopped because the preference variable "ErrorActionPreference" or common parameter is set to Stop: The RPC server is unavailable. (Exception from HRESULT: 0x800706BA)
LASVS01.Contoso.CORP
The running command stopped because the preference variable "ErrorActionPreference" or common parameter is set to Stop: Testing connection to computer 'LASVS01.Contoso.CORP' failed: No such 
host is known
PHXFS01-OLD.PHX.Contoso.CORP
The running command stopped because the preference variable "ErrorActionPreference" or common parameter is set to Stop: The RPC server is unavailable. (Exception from HRESULT: 0x800706BA)
PHXMERIT01.PHX.Contoso.CORP
The running command stopped because the preference variable "ErrorActionPreference" or common parameter is set to Stop: The RPC server is unavailable. (Exception from HRESULT: 0x800706BA)
PHXMQ01-OLD.PHX.Contoso.CORP
The running command stopped because the preference variable "ErrorActionPreference" or common parameter is set to Stop: The RPC server is unavailable. (Exception from HRESULT: 0x800706BA)
C1BSKYPE01.CREDITONEAPP.BIZ
Access is denied. (Exception from HRESULT: 0x80070005 (E_ACCESSDENIED))
IQORCOLLECT02.Contoso.CORP
Access is denied. (Exception from HRESULT: 0x80070005 (E_ACCESSDENIED))
IQORCOLLECT02
Access is denied. (Exception from HRESULT: 0x80070005 (E_ACCESSDENIED))
LASAIR01
The running command stopped because the preference variable "ErrorActionPreference" or common parameter is set to Stop: Testing connection to computer 'LASAIR01' failed: Error due to 
lack of resources
LASAIRCC01
The running command stopped because the preference variable "ErrorActionPreference" or common parameter is set to Stop: Testing connection to computer 'LASAIRCC01' failed: Error due to 
lack of resources
LASCAPS03
The running command stopped because the preference variable "ErrorActionPreference" or common parameter is set to Stop: Testing connection to computer 'LASCAPS03' failed: No such host is 
known
LASCAPS04
The running command stopped because the preference variable "ErrorActionPreference" or common parameter is set to Stop: Testing connection to computer 'LASCAPS04' failed: No such host is 
known
LASVS01
The running command stopped because the preference variable "ErrorActionPreference" or common parameter is set to Stop: Testing connection to computer 'LASVS01' failed: No such host is 
known
IQORCOLLECT02
Access is denied. (Exception from HRESULT: 0x80070005 (E_ACCESSDENIED))
LASAIR01
The running command stopped because the preference variable "ErrorActionPreference" or common parameter is set to Stop: Testing connection to computer 'LASAIR01' failed: Error due to 
lack of resources
LASAIRCC01
The running command stopped because the preference variable "ErrorActionPreference" or common parameter is set to Stop: Testing connection to computer 'LASAIRCC01' failed: Error due to 
lack of resources
LASCAPS03
The running command stopped because the preference variable "ErrorActionPreference" or common parameter is set to Stop: Testing connection to computer 'LASCAPS03' failed: No such host is 
known
LASCAPS04
The running command stopped because the preference variable "ErrorActionPreference" or common parameter is set to Stop: Testing connection to computer 'LASCAPS04' failed: No such host is 
known
LASVS01
The running command stopped because the preference variable "ErrorActionPreference" or common parameter is set to Stop: Testing connection to computer 'LASVS01' failed: No such host is 
known
