You cannot call a method on a null-valued expression.
You cannot call a method on a null-valued expression.
You cannot call a method on a null-valued expression.
You cannot call a method on a null-valued expression.
You cannot call a method on a null-valued expression.
You cannot call a method on a null-valued expression.
You cannot call a method on a null-valued expression.
You cannot call a method on a null-valued expression.
You cannot call a method on a null-valued expression.
You cannot call a method on a null-valued expression.
You cannot call a method on a null-valued expression.
You cannot call a method on a null-valued expression.
You cannot call a method on a null-valued expression.
You must specify an object for the Get-Member cmdlet.
The property 'OutsideLineStyle' cannot be found on this object. Verify that the property exists and can be set.
The property 'InsideLineStyle' cannot be found on this object. Verify that the property exists and can be set.
The property 'Style' cannot be found on this object. Verify that the property exists and can be set.
You cannot call a method on a null-valued expression.
The number must be between 1 and 63.
You must specify an object for the Get-Member cmdlet.
You cannot call a method on a null-valued expression.
You cannot call a method on a null-valued expression.
You cannot call a method on a null-valued expression.
You cannot call a method on a null-valued expression.
You must specify an object for the Get-Member cmdlet.
The property 'OutsideLineStyle' cannot be found on this object. Verify that the property exists and can be set.
The property 'InsideLineStyle' cannot be found on this object. Verify that the property exists and can be set.
The property 'Style' cannot be found on this object. Verify that the property exists and can be set.
You cannot call a method on a null-valued expression.
The number must be between 1 and 63.
You must specify an object for the Get-Member cmdlet.
You cannot call a method on a null-valued expression.
You cannot call a method on a null-valued expression.
You cannot call a method on a null-valued expression.
You cannot call a method on a null-valued expression.
You must specify an object for the Get-Member cmdlet.
The property 'OutsideLineStyle' cannot be found on this object. Verify that the property exists and can be set.
The property 'InsideLineStyle' cannot be found on this object. Verify that the property exists and can be set.
The property 'Style' cannot be found on this object. Verify that the property exists and can be set.
You cannot call a method on a null-valued expression.
The number must be between 1 and 63.
You must specify an object for the Get-Member cmdlet.
You cannot call a method on a null-valued expression.
You cannot call a method on a null-valued expression.
You cannot call a method on a null-valued expression.
You cannot call a method on a null-valued expression.
You must specify an object for the Get-Member cmdlet.
The property 'OutsideLineStyle' cannot be found on this object. Verify that the property exists and can be set.
The property 'InsideLineStyle' cannot be found on this object. Verify that the property exists and can be set.
The property 'Style' cannot be found on this object. Verify that the property exists and can be set.
You cannot call a method on a null-valued expression.
The number must be between 1 and 63.
You must specify an object for the Get-Member cmdlet.
You cannot call a method on a null-valued expression.
You cannot call a method on a null-valued expression.
You cannot call a method on a null-valued expression.
You cannot call a method on a null-valued expression.
You cannot call a method on a null-valued expression.
You cannot call a method on a null-valued expression.
You cannot call a method on a null-valued expression.
You cannot call a method on a null-valued expression.
You cannot call a method on a null-valued expression.
You cannot call a method on a null-valued expression.
You cannot call a method on a null-valued expression.
You cannot call a method on a null-valued expression.
You cannot call a method on a null-valued expression.
You must specify an object for the Get-Member cmdlet.
The property 'OutsideLineStyle' cannot be found on this object. Verify that the property exists and can be set.
The property 'InsideLineStyle' cannot be found on this object. Verify that the property exists and can be set.
The property 'Style' cannot be found on this object. Verify that the property exists and can be set.
You cannot call a method on a null-valued expression.
The number must be between 1 and 63.
You must specify an object for the Get-Member cmdlet.
You cannot call a method on a null-valued expression.
You cannot call a method on a null-valued expression.
You cannot call a method on a null-valued expression.
You cannot call a method on a null-valued expression.
You cannot call a method on a null-valued expression.
You cannot call a method on a null-valued expression.
You cannot call a method on a null-valued expression.
You cannot call a method on a null-valued expression.
You cannot call a method on a null-valued expression.
You cannot call a method on a null-valued expression.
You cannot call a method on a null-valued expression.
You cannot call a method on a null-valued expression.
You cannot call a method on a null-valued expression.
You cannot call a method on a null-valued expression.
You cannot call a method on a null-valued expression.
You cannot call a method on a null-valued expression.
You cannot call a method on a null-valued expression.
You cannot call a method on a null-valued expression.
You cannot call a method on a null-valued expression.
You cannot call a method on a null-valued expression.
You cannot call a method on a null-valued expression.
You cannot call a method on a null-valued expression.
You cannot call a method on a null-valued expression.
You cannot call a method on a null-valued expression.
You cannot call a method on a null-valued expression.
You cannot call a method on a null-valued expression.
You cannot call a method on a null-valued expression.
You cannot call a method on a null-valued expression.
You cannot call a method on a null-valued expression.
You cannot call a method on a null-valued expression.
You cannot call a method on a null-valued expression.
You cannot call a method on a null-valued expression.
You cannot call a method on a null-valued expression.
You cannot call a method on a null-valued expression.
You must specify an object for the Get-Member cmdlet.
The property 'OutsideLineStyle' cannot be found on this object. Verify that the property exists and can be set.
The property 'InsideLineStyle' cannot be found on this object. Verify that the property exists and can be set.
The property 'Style' cannot be found on this object. Verify that the property exists and can be set.
You cannot call a method on a null-valued expression.
The number must be between 1 and 63.
You must specify an object for the Get-Member cmdlet.
You cannot call a method on a null-valued expression.
You cannot call a method on a null-valued expression.
You cannot call a method on a null-valued expression.
You cannot call a method on a null-valued expression.
You cannot call a method on a null-valued expression.
You cannot call a method on a null-valued expression.
You cannot call a method on a null-valued expression.
You cannot call a method on a null-valued expression.
You cannot call a method on a null-valued expression.
You cannot call a method on a null-valued expression.
You cannot call a method on a null-valued expression.
You cannot call a method on a null-valued expression.
You cannot call a method on a null-valued expression.
You cannot call a method on a null-valued expression.
You cannot call a method on a null-valued expression.
You cannot call a method on a null-valued expression.
You cannot call a method on a null-valued expression.
You cannot call a method on a null-valued expression.
You cannot call a method on a null-valued expression.
You cannot call a method on a null-valued expression.
You cannot call a method on a null-valued expression.
You cannot call a method on a null-valued expression.
You cannot call a method on a null-valued expression.
You cannot call a method on a null-valued expression.
You cannot call a method on a null-valued expression.
You cannot call a method on a null-valued expression.
You cannot call a method on a null-valued expression.
You cannot call a method on a null-valued expression.
You cannot call a method on a null-valued expression.
You cannot call a method on a null-valued expression.
You cannot call a method on a null-valued expression.
You cannot call a method on a null-valued expression.
You cannot call a method on a null-valued expression.
You cannot call a method on a null-valued expression.
You cannot call a method on a null-valued expression.
You cannot call a method on a null-valued expression.
You cannot call a method on a null-valued expression.
You cannot call a method on a null-valued expression.
You cannot call a method on a null-valued expression.
You cannot call a method on a null-valued expression.
You cannot call a method on a null-valued expression.
You cannot call a method on a null-valued expression.
You cannot call a method on a null-valued expression.
You cannot call a method on a null-valued expression.
You cannot call a method on a null-valued expression.
You cannot call a method on a null-valued expression.
You cannot call a method on a null-valued expression.
You cannot call a method on a null-valued expression.
You cannot call a method on a null-valued expression.
You cannot call a method on a null-valued expression.
You cannot call a method on a null-valued expression.
You cannot call a method on a null-valued expression.
You cannot call a method on a null-valued expression.
You cannot call a method on a null-valued expression.
You cannot call a method on a null-valued expression.
You must specify an object for the Get-Member cmdlet.
The property 'OutsideLineStyle' cannot be found on this object. Verify that the property exists and can be set.
The property 'InsideLineStyle' cannot be found on this object. Verify that the property exists and can be set.
The property 'Style' cannot be found on this object. Verify that the property exists and can be set.
You cannot call a method on a null-valued expression.
The number must be between 1 and 63.
You must specify an object for the Get-Member cmdlet.
You cannot call a method on a null-valued expression.
You cannot call a method on a null-valued expression.
You cannot call a method on a null-valued expression.
You cannot call a method on a null-valued expression.
You cannot call a method on a null-valued expression.
You cannot call a method on a null-valued expression.
You cannot call a method on a null-valued expression.
You cannot call a method on a null-valued expression.
You cannot call a method on a null-valued expression.
You cannot call a method on a null-valued expression.
You cannot call a method on a null-valued expression.
You cannot call a method on a null-valued expression.
You cannot call a method on a null-valued expression.
You cannot call a method on a null-valued expression.
You cannot call a method on a null-valued expression.
You cannot call a method on a null-valued expression.
You must specify an object for the Get-Member cmdlet.
The property 'OutsideLineStyle' cannot be found on this object. Verify that the property exists and can be set.
The property 'InsideLineStyle' cannot be found on this object. Verify that the property exists and can be set.
The property 'Style' cannot be found on this object. Verify that the property exists and can be set.
You cannot call a method on a null-valued expression.
The number must be between 1 and 63.
You must specify an object for the Get-Member cmdlet.
You cannot call a method on a null-valued expression.
You cannot call a method on a null-valued expression.
You cannot call a method on a null-valued expression.
You cannot call a method on a null-valued expression.
You cannot call a method on a null-valued expression.
You cannot call a method on a null-valued expression.
