***************************************************************************************************
Started processing at [11/13/2018 10:22:58].
***************************************************************************************************

2018-11-13 10:23:29:
2018-11-13 10:23:29: +++++++Entering _GetExSvrs function with Server : VVCEXCMB01 and UsePSRemote value : False
2018-11-13 10:23:44: - Name : VVCEXCMB01
2018-11-13 10:23:44: - RealName :VVCEXCMB01
2018-11-13 10:23:44: - ExchangeMajorVersion : 15 
2018-11-13 10:23:44: - ExchangeSPLevel : CU21
2018-11-13 10:23:44: - Edition :Standard
2018-11-13 10:23:44: - Mailboxes (count) : 529
2018-11-13 10:23:44: - OSVersion : Windows Server 2008 R2 Ent 
2018-11-13 10:23:44: - OSServicePack : Service Pack 1
2018-11-13 10:23:44: - Roles : Mailbox
2018-11-13 10:23:44: - RollupLevel : 0
2018-11-13 10:23:44: - RollupVersion : 
2018-11-13 10:23:44: - Site: VegasCampus
2018-11-13 10:23:44: - IntNames : 
2018-11-13 10:23:44: - ExtNames : 
2018-11-13 10:23:44: - CASArrayName : 
2018-11-13 10:23:44: - ExServicesHealth : Pass
2018-11-13 10:23:44: - ExServicesFailCount : None
2018-11-13 10:23:44: - ExUpTime  : 32 
2018-11-13 10:23:44: - DBCopies  : 5 
2018-11-13 10:23:44: - DBsMounted  : 2 
2018-11-13 10:23:44:
2018-11-13 10:23:44: +++++++Entering _GetExSvrs function with Server : VVCEXCWA01 and UsePSRemote value : False
2018-11-13 10:23:48: - Name : VVCEXCWA01
2018-11-13 10:23:48: - RealName :VVCEXCWA01
2018-11-13 10:23:48: - ExchangeMajorVersion : 15 
2018-11-13 10:23:48: - ExchangeSPLevel : CU21
2018-11-13 10:23:48: - Edition :Standard
2018-11-13 10:23:48: - Mailboxes (count) : 0
2018-11-13 10:23:48: - OSVersion : Windows Server 2008 R2 Std 
2018-11-13 10:23:48: - OSServicePack : Service Pack 1
2018-11-13 10:23:48: - Roles : ClientAccess
2018-11-13 10:23:48: - RollupLevel : 0
2018-11-13 10:23:48: - RollupVersion : 
2018-11-13 10:23:48: - Site: VegasCampus
2018-11-13 10:23:48: - IntNames : owa.vegas.com rpc.vegas.com
2018-11-13 10:23:48: - ExtNames : owa.vegas.com rpc.vegas.com
2018-11-13 10:23:48: - CASArrayName : 
2018-11-13 10:23:48: - ExServicesHealth : Pass
2018-11-13 10:23:48: - ExServicesFailCount : None
2018-11-13 10:23:48: - ExUpTime  : 25 
2018-11-13 10:23:48: - DBCopies  : 0 
2018-11-13 10:23:48: - DBsMounted  : 0 
2018-11-13 10:23:48:
2018-11-13 10:23:48: +++++++Entering _GetExSvrs function with Server : VVCEXCMB02 and UsePSRemote value : False
2018-11-13 10:24:00: - Name : VVCEXCMB02
2018-11-13 10:24:00: - RealName :VVCEXCMB02
2018-11-13 10:24:00: - ExchangeMajorVersion : 15 
2018-11-13 10:24:00: - ExchangeSPLevel : CU21
2018-11-13 10:24:00: - Edition :Standard
2018-11-13 10:24:00: - Mailboxes (count) : 319
2018-11-13 10:24:00: - OSVersion : Windows Server 2008 R2 Ent 
2018-11-13 10:24:00: - OSServicePack : Service Pack 1
2018-11-13 10:24:00: - Roles : Mailbox
2018-11-13 10:24:00: - RollupLevel : 0
2018-11-13 10:24:00: - RollupVersion : 
2018-11-13 10:24:00: - Site: VegasCampus
2018-11-13 10:24:00: - IntNames : 
2018-11-13 10:24:00: - ExtNames : 
2018-11-13 10:24:00: - CASArrayName : 
2018-11-13 10:24:00: - ExServicesHealth : Pass
2018-11-13 10:24:00: - ExServicesFailCount : None
2018-11-13 10:24:00: - ExUpTime  : 35 
2018-11-13 10:24:00: - DBCopies  : 5 
2018-11-13 10:24:00: - DBsMounted  : 3 
2018-11-13 10:24:00:
2018-11-13 10:24:00: +++++++Entering _GetExSvrs function with Server : VVCEXCWA02 and UsePSRemote value : False
2018-11-13 10:24:02: - Name : VVCEXCWA02
2018-11-13 10:24:02: - RealName :VVCEXCWA02
2018-11-13 10:24:02: - ExchangeMajorVersion : 15 
2018-11-13 10:24:02: - ExchangeSPLevel : CU21
2018-11-13 10:24:02: - Edition :Standard
2018-11-13 10:24:02: - Mailboxes (count) : 0
2018-11-13 10:24:02: - OSVersion : Windows Server 2008 R2 Std 
2018-11-13 10:24:02: - OSServicePack : Service Pack 1
2018-11-13 10:24:02: - Roles : ClientAccess
2018-11-13 10:24:02: - RollupLevel : 0
2018-11-13 10:24:02: - RollupVersion : 
2018-11-13 10:24:02: - Site: VegasCampus
2018-11-13 10:24:02: - IntNames : owa.vegas.com rpc.vegas.com
2018-11-13 10:24:02: - ExtNames : owa.vegas.com rpc.vegas.com
2018-11-13 10:24:02: - CASArrayName : 
2018-11-13 10:24:02: - ExServicesHealth : Pass
2018-11-13 10:24:02: - ExServicesFailCount : None
2018-11-13 10:24:02: - ExUpTime  : 25 
2018-11-13 10:24:02: - DBCopies  : 0 
2018-11-13 10:24:02: - DBsMounted  : 0 
2018-11-13 10:24:02:
2018-11-13 10:24:02: +++++++Entering _TotalsByVersion function
2018-11-13 10:24:02:
2018-11-13 10:24:02: +++++++Entering _TotalsByRole function
2018-11-13 10:24:02:
2018-11-13 10:24:02: +++++++Entering _GetDAG function
2018-11-13 10:24:02:-------------------
2018-11-13 10:24:02:  -DAG Name : EXCHANGE-DAG01
2018-11-13 10:24:02:  -MemberCount 2
2018-11-13 10:24:02:-------------------
2018-11-13 10:24:03:
2018-11-13 10:24:03: +++++++Entering _GetDB function with DB : "ExchangeArchives" and E2010 value : True
2018-11-13 10:24:51: - Name : EXCHANGEARCHIVES
2018-11-13 10:24:51: - StorageGroup :  
2018-11-13 10:24:51: - ActiveOwner : VVCEXCMB02
2018-11-13 10:24:51: - Mailboxcount : 9
2018-11-13 10:24:51: - MailboxAverageSize	: 3205.56721687317 MB
2018-11-13 10:24:51: - ArchiveMailboxCount : 153
2018-11-13 10:24:51: - ArchiveTotalSize : 558411.509745598 MB
2018-11-13 10:24:51: - ArchiveAverageSize : 3649.7484292984 MB
2018-11-13 10:24:51: - CircularLoggingEnabled : No
2018-11-13 10:24:51: - LastFullBackup	: 11/13/2018 6:12:19 AM
2018-11-13 10:24:51: - Size : 504 GB
2018-11-13 10:24:51: - Whitespace : 51.0625 MB
2018-11-13 10:24:51: - Copies : VVCEXCMB02 VVCEXCMB01
2018-11-13 10:24:51: - CopyCount : 2
2018-11-13 10:24:51: - FreeLogDiskSpace : 98.9593834711114 %
2018-11-13 10:24:51: - FreeDatabaseDiskSpace : 16.5845296275414 %
2018-11-13 10:24:51: - DBPreCheck : Pass
2018-11-13 10:24:51: - HowOldBackup : 0 Days
2018-11-13 10:24:51: - DatabaseDumpsterWQ : 20480 MB
2018-11-13 10:24:51: - DatabaseDumpsterQ : 30720 MB
2018-11-13 10:24:51: - DatabasePS (Prohibit Send) : 20 GB 
2018-11-13 10:24:51: - DatabasePSR (Prohibit Send and Rec) : 20 GB
2018-11-13 10:24:51: - Mounted : True
2018-11-13 10:24:51: - DatabasePereferredServer : VVCEXCMB02
2018-11-13 10:24:51: - IsRecovery : False
2018-11-13 10:24:51: - DatabaseDagMembership : exchange-dag01
2018-11-13 10:24:52:
2018-11-13 10:24:52: +++++++Entering _GetDB function with DB : "MB2" and E2010 value : True
2018-11-13 10:24:52: - Name : MB2
2018-11-13 10:24:52: - StorageGroup :  
2018-11-13 10:24:52: - ActiveOwner : VVCEXCMB02
2018-11-13 10:24:52: - Mailboxcount : 28
2018-11-13 10:24:52: - MailboxAverageSize	: 1658.45955944061 MB
2018-11-13 10:24:52: - ArchiveMailboxCount : 0
2018-11-13 10:24:52: - ArchiveTotalSize : 0 MB
2018-11-13 10:24:52: - ArchiveAverageSize : 0 MB
2018-11-13 10:24:52: - CircularLoggingEnabled : No
2018-11-13 10:24:52: - LastFullBackup	: 11/13/2018 6:12:19 AM
2018-11-13 10:24:52: - Size : 91.876953125 GB
2018-11-13 10:24:52: - Whitespace : 18815.34375 MB
2018-11-13 10:24:52: - Copies : VVCEXCMB02 VVCEXCMB01
2018-11-13 10:24:52: - CopyCount : 2
2018-11-13 10:24:52: - FreeLogDiskSpace : 97.5815807426091 %
2018-11-13 10:24:52: - FreeDatabaseDiskSpace : 19.3828523708694 %
2018-11-13 10:24:52: - DBPreCheck : Pass
2018-11-13 10:24:52: - HowOldBackup : 0 Days
2018-11-13 10:24:52: - DatabaseDumpsterWQ : 20480 MB
2018-11-13 10:24:52: - DatabaseDumpsterQ : 30720 MB
2018-11-13 10:24:52: - DatabasePS (Prohibit Send) : 3 GB 
2018-11-13 10:24:52: - DatabasePSR (Prohibit Send and Rec) : 3.19921875 GB
2018-11-13 10:24:52: - Mounted : True
2018-11-13 10:24:52: - DatabasePereferredServer : VVCEXCMB02
2018-11-13 10:24:52: - IsRecovery : False
2018-11-13 10:24:52: - DatabaseDagMembership : exchange-dag01
2018-11-13 10:24:52:
2018-11-13 10:24:52: +++++++Entering _GetDB function with DB : "MB5" and E2010 value : True
2018-11-13 10:24:52: - Name : MB5
2018-11-13 10:24:52: - StorageGroup :  
2018-11-13 10:24:52: - ActiveOwner : VVCEXCMB02
2018-11-13 10:24:52: - Mailboxcount : 282
2018-11-13 10:24:52: - MailboxAverageSize	: 1033.99554443359 MB
2018-11-13 10:24:52: - ArchiveMailboxCount : 0
2018-11-13 10:24:52: - ArchiveTotalSize : 0 MB
2018-11-13 10:24:52: - ArchiveAverageSize : 0 MB
2018-11-13 10:24:52: - CircularLoggingEnabled : No
2018-11-13 10:24:52: - LastFullBackup	: 11/13/2018 6:12:19 AM
2018-11-13 10:24:52: - Size : 327.6259765625 GB
2018-11-13 10:24:52: - Whitespace : 5781.5625 MB
2018-11-13 10:24:52: - Copies : VVCEXCMB02 VVCEXCMB01
2018-11-13 10:24:52: - CopyCount : 2
2018-11-13 10:24:52: - FreeLogDiskSpace : 96.9512071620924 %
2018-11-13 10:24:52: - FreeDatabaseDiskSpace : 10.3709221000756 %
2018-11-13 10:24:52: - DBPreCheck : Pass
2018-11-13 10:24:52: - HowOldBackup : 0 Days
2018-11-13 10:24:52: - DatabaseDumpsterWQ : 20480 MB
2018-11-13 10:24:52: - DatabaseDumpsterQ : 30720 MB
2018-11-13 10:24:52: - DatabasePS (Prohibit Send) : 3 GB 
2018-11-13 10:24:52: - DatabasePSR (Prohibit Send and Rec) : 3.19921875 GB
2018-11-13 10:24:52: - Mounted : True
2018-11-13 10:24:52: - DatabasePereferredServer : VVCEXCMB02
2018-11-13 10:24:52: - IsRecovery : False
2018-11-13 10:24:52: - DatabaseDagMembership : exchange-dag01
2018-11-13 10:24:52:
2018-11-13 10:24:52: +++++++Entering _GetDB function with DB : "MB4" and E2010 value : True
2018-11-13 10:24:53: - Name : MB4
2018-11-13 10:24:53: - StorageGroup :  
2018-11-13 10:24:53: - ActiveOwner : VVCEXCMB01
2018-11-13 10:24:53: - Mailboxcount : 227
2018-11-13 10:24:53: - MailboxAverageSize	: 1483.85935115814 MB
2018-11-13 10:24:53: - ArchiveMailboxCount : 0
2018-11-13 10:24:53: - ArchiveTotalSize : 0 MB
2018-11-13 10:24:53: - ArchiveAverageSize : 0 MB
2018-11-13 10:24:53: - CircularLoggingEnabled : No
2018-11-13 10:24:53: - LastFullBackup	: 11/13/2018 6:12:11 AM
2018-11-13 10:24:53: - Size : 358 GB
2018-11-13 10:24:53: - Whitespace : 3498.9375 MB
2018-11-13 10:24:53: - Copies : VVCEXCMB01 VVCEXCMB02
2018-11-13 10:24:53: - CopyCount : 2
2018-11-13 10:24:53: - FreeLogDiskSpace : 96.8859679939371 %
2018-11-13 10:24:53: - FreeDatabaseDiskSpace : 10.4801722905436 %
2018-11-13 10:24:53: - DBPreCheck : Pass
2018-11-13 10:24:53: - HowOldBackup : 0 Days
2018-11-13 10:24:53: - DatabaseDumpsterWQ : 20480 MB
2018-11-13 10:24:53: - DatabaseDumpsterQ : 30720 MB
2018-11-13 10:24:53: - DatabasePS (Prohibit Send) : 3 GB 
2018-11-13 10:24:53: - DatabasePSR (Prohibit Send and Rec) : 3.19921875 GB
2018-11-13 10:24:53: - Mounted : True
2018-11-13 10:24:53: - DatabasePereferredServer : VVCEXCMB01
2018-11-13 10:24:53: - IsRecovery : False
2018-11-13 10:24:53: - DatabaseDagMembership : exchange-dag01
2018-11-13 10:24:53:
2018-11-13 10:24:53: +++++++Entering _GetDB function with DB : "MB1" and E2010 value : True
2018-11-13 10:24:53: - Name : MB1
2018-11-13 10:24:53: - StorageGroup :  
2018-11-13 10:24:53: - ActiveOwner : VVCEXCMB01
2018-11-13 10:24:53: - Mailboxcount : 302
2018-11-13 10:24:53: - MailboxAverageSize	: 1187.40872383118 MB
2018-11-13 10:24:53: - ArchiveMailboxCount : 0
2018-11-13 10:24:53: - ArchiveTotalSize : 0 MB
2018-11-13 10:24:53: - ArchiveAverageSize : 0 MB
2018-11-13 10:24:53: - CircularLoggingEnabled : No
2018-11-13 10:24:53: - LastFullBackup	: 11/13/2018 6:12:19 AM
2018-11-13 10:24:53: - Size : 367.5 GB
2018-11-13 10:24:53: - Whitespace : 7773.625 MB
2018-11-13 10:24:53: - Copies : VVCEXCMB01 VVCEXCMB02
2018-11-13 10:24:53: - CopyCount : 2
2018-11-13 10:24:53: - FreeLogDiskSpace : 98.1905414426464 %
2018-11-13 10:24:53: - FreeDatabaseDiskSpace : 14.3262328067191 %
2018-11-13 10:24:53: - DBPreCheck : Pass
2018-11-13 10:24:53: - HowOldBackup : 0 Days
2018-11-13 10:24:53: - DatabaseDumpsterWQ : 20480 MB
2018-11-13 10:24:53: - DatabaseDumpsterQ : 30720 MB
2018-11-13 10:24:53: - DatabasePS (Prohibit Send) : 4 GB 
2018-11-13 10:24:53: - DatabasePSR (Prohibit Send and Rec) : 5 GB
2018-11-13 10:24:53: - Mounted : True
2018-11-13 10:24:53: - DatabasePereferredServer : VVCEXCMB01
2018-11-13 10:24:53: - IsRecovery : False
2018-11-13 10:24:53: - DatabaseDagMembership : exchange-dag01

***************************************************************************************************
Finished processing at [11/13/2018 10:24:59].
***************************************************************************************************
