***************************************************************************************************
Started processing at [11/13/2018 10:22:58].
***************************************************************************************************

2018-11-13 10:22:58: Info log file D:\HealthScript\CorpEmailHealth\Reports\EmailReportFiles\ExReportInfo.log is created successfully
2018-11-13 10:22:58: Error log file D:\HealthScript\CorpEmailHealth\Reports\EmailReportFiles\ExReportError.log is created successfully
2018-11-13 10:22:58: Detailed log file D:\HealthScript\CorpEmailHealth\Reports\EmailReportFiles\ExReportDetailed.log is created successfully
2018-11-13 10:22:58:
2018-11-13 10:22:58: Starting Get-CorpEmailReport_v2.4.9.ps1
2018-11-13 10:22:58: (System.Management.Automation.PSBoundParametersDictionary | out-string)
2018-11-13 10:22:58: PowerShell Host Version :4
2018-11-13 10:22:58:
2018-11-13 10:22:58:
2018-11-13 10:22:58: ------------------------------------------------------------
2018-11-13 10:22:58:[Module 1 Customization] : Pass
2018-11-13 10:22:58: ------------------------------------------------------------
2018-11-13 10:22:58:[Module 3 Function] : Pass
2018-11-13 10:22:58: ------------------------------------------------------------
2018-11-13 10:22:58: [Module Factory]
2018-11-13 10:22:58: Starting script stopwatch
2018-11-13 10:22:58: Clearing the console screen and displaying script headings
2018-11-13 10:22:58: Checking Script PowerShell Environment
2018-11-13 10:22:58:    - Exchange Install Directory : d:\Program Files\Microsoft\Exchange Server\V15\ 
2018-11-13 10:23:00: Info: Value of E2010 Variable is True
2018-11-13 10:23:00: Info: Value of E2013 Variable is True
2018-11-13 10:23:00: Finish validating PowerShell environment
2018-11-13 10:23:00: Creating Global Variables
2018-11-13 10:23:01: Script Parameter Set Name is ServerFilter
2018-11-13 10:23:01: [Module 3 Factory] : Pass
2018-11-13 10:23:01:
2018-11-13 10:23:01:
2018-11-13 10:23:01:
2018-11-13 10:23:01: ------------------------------------------------------------
2018-11-13 10:23:01:[Module 4 Process] : Starting
2018-11-13 10:23:01:
2018-11-13 10:23:01:
2018-11-13 10:23:01:
2018-11-13 10:23:01: Section : Get-ExchangeServer Info (with filter if any)
2018-11-13 10:23:01: +++++++Entering _parameterGetExch function
2018-11-13 10:23:01: +++++++Exiting _parameterGetExch function
2018-11-13 10:23:01: ---- Script Filter Result----
2018-11-13 10:23:01: Number of Exchange Servers detected : 4 
2018-11-13 10:23:01: Server : VVCEXCMB01
2018-11-13 10:23:01: Server : VVCEXCWA01
2018-11-13 10:23:01: Server : VVCEXCMB02
2018-11-13 10:23:01: Server : VVCEXCWA02
2018-11-13 10:23:01: ---- Script Filter Result----
2018-11-13 10:23:01: +++++++Exiting _parameterGetExch function
2018-11-13 10:23:01:
2018-11-13 10:23:01:
2018-11-13 10:23:01: Section : Get-MailboxDatabase  Info (with filter if any)
2018-11-13 10:23:01: +++++++Entering _parameterGetDBs function
2018-11-13 10:23:02: Number of database detected : 5 
2018-11-13 10:23:02: DB : ExchangeArchives
2018-11-13 10:23:02: DB : MB2
2018-11-13 10:23:02: DB : MB5
2018-11-13 10:23:02: DB : MB4
2018-11-13 10:23:02: DB : MB1
2018-11-13 10:23:02: +++++++Exiting _parameterGetDBs function
2018-11-13 10:23:02:
2018-11-13 10:23:02:
2018-11-13 10:23:02: Section : Get-RemoteMailbox Info
2018-11-13 10:23:02: Number of remote mailboxes detected : 0
2018-11-13 10:23:02:
2018-11-13 10:23:02
2018-11-13 10:23:02: Section : Get-Mailbox Info (with filter if any)
2018-11-13 10:23:25: Number of Mailboxes detected : 848
2018-11-13 10:23:25
2018-11-13 10:23:25
2018-11-13 10:23:25: Section Get-Mailbox -Archive Info (with filter if any)
2018-11-13 10:23:25:  Since E2010 variable is true..continue
2018-11-13 10:23:29: Since databases.count is not 0..continue
2018-11-13 10:23:29: Archive Mailboxes count = 153 
2018-11-13 10:23:29
2018-11-13 10:23:29
2018-11-13 10:23:29: Section : Getting DAG Info  (with filter if any)
2018-11-13 10:23:29: Since E2010 variable is true..continue
2018-11-13 10:23:29: +++++++Entering _parameterGetDAG function
2018-11-13 10:23:29: +++++++Exiting_parameterGetDAG function
2018-11-13 10:23:29: DAG count = 1
2018-11-13 10:23:29
2018-11-13 10:23:29: Section Aggregates
2018-11-13 10:23:29: Total Mailboxes = Local Mailboxes + Remote Mailboxes = 848
2018-11-13 10:23:29:
2018-11-13 10:23:29: Section : Getting Exchange Server structured data (_GetExSvr function)
2018-11-13 10:23:44: [_GetExSvr function]) Processing VVCEXCMB01  
2018-11-13 10:23:48: [_GetExSvr function]) Processing VVCEXCWA01  
2018-11-13 10:24:00: [_GetExSvr function]) Processing VVCEXCMB02  
2018-11-13 10:24:02: [_GetExSvr function]) Processing VVCEXCWA02  
2018-11-13 10:24:02:
2018-11-13 10:24:02: Section : Getting Total servers by role and mailboxes by version
2018-11-13 10:24:02:
2018-11-13 10:24:02: Section : Getting DAG Info (_GetDAG function)
2018-11-13 10:24:02: [_GetDAG function] : Processing EXCHANGE-DAG01 
2018-11-13 10:24:02:
2018-11-13 10:24:02: Section : Getting DB Info (_GetDB function)
2018-11-13 10:24:02: ---------- 
2018-11-13 10:24:02: Processing EXCHANGEARCHIVES via _GetDB function 
2018-11-13 10:24:51:     - EXCHANGEARCHIVES is member of DAG : EXCHANGE-DAG01 
2018-11-13 10:24:52: ---------- 
2018-11-13 10:24:52: Processing MB2 via _GetDB function 
2018-11-13 10:24:52:     - MB2 is member of DAG : EXCHANGE-DAG01 
2018-11-13 10:24:52: ---------- 
2018-11-13 10:24:52: Processing MB5 via _GetDB function 
2018-11-13 10:24:52:     - MB5 is member of DAG : EXCHANGE-DAG01 
2018-11-13 10:24:52: ---------- 
2018-11-13 10:24:52: Processing MB4 via _GetDB function 
2018-11-13 10:24:53:     - MB4 is member of DAG : EXCHANGE-DAG01 
2018-11-13 10:24:53: ---------- 
2018-11-13 10:24:53: Processing MB1 via _GetDB function 
2018-11-13 10:24:53:     - MB1 is member of DAG : EXCHANGE-DAG01 
2018-11-13 10:24:53:
2018-11-13 10:24:53: Section : Getting Total Aggregates
2018-11-13 10:24:53: - Total Archives Count: 153 
2018-11-13 10:24:53: - Total Archives Size: 545.32 GB
2018-11-13 10:24:53: - Average Archive size: 3,649.75 MB
2018-11-13 10:24:53: - Total DB Sizes: 1,649.00 GB
2018-11-13 10:24:53:
2018-11-13 10:24:53:
2018-11-13 10:24:53: [Module 4 Process] : Pass
2018-11-13 10:24:53:
2018-11-13 10:24:53:
2018-11-13 10:24:53:
2018-11-13 10:24:53: ------------------------------------------------------------
2018-11-13 10:24:53:[Module 5 Output] : Starting
2018-11-13 10:24:53:
2018-11-13 10:24:53:
2018-11-13 10:24:53: Generating Main HTML Output
2018-11-13 10:24:54: Generating DB Activation HTML Output
2018-11-13 10:24:54:  - Conditions to generate is : E2010 variable is true and (ExchangeEnvironment.DAGs.count) variable is true 
2018-11-13 10:24:54:  - In simple words, if you are running new PowerShell host, and there are DAGs detected using your filter 
2018-11-13 10:24:54:  - E2010 Value is True 
2018-11-13 10:24:54:  - ExchangeEnvironment.DAGs.count Value is 1 
2018-11-13 10:24:54:  -  Conditions are met ! Proceed 
2018-11-13 10:24:54: Inspecting EXCHANGE-DAG01
2018-11-13 10:24:54:   - Does this DAG has members and those members have databases? 
2018-11-13 10:24:54:   - Does this DAG has members and those members have databases? Answer is Yes 
2018-11-13 10:24:54: Are all member servers of EXCHANGE-DAG01 are available to us after applying user filter? 
2018-11-13 10:24:54:  -Entering (Test-DAGFullMembers function) 
2018-11-13 10:24:54:  - Answer is True . Processing
2018-11-13 10:24:54:  - Done creating DAG Activation diagram for DAG : EXCHANGE-DAG01 
2018-11-13 10:24:54:
2018-11-13 10:24:54:
2018-11-13 10:24:54: [Module 5 Output] : Pass
2018-11-13 10:24:54:
2018-11-13 10:24:54:
2018-11-13 10:24:54:
2018-11-13 10:24:54: ------------------------------------------------------------
2018-11-13 10:24:54:[Module 6 Charts] : Starting
2018-11-13 10:24:54:
2018-11-13 10:24:54:
2018-11-13 10:24:54: 
2018-11-13 10:24:54:
2018-11-13 10:24:54: Testing if (Microsoft Chart Controls for Microsoft .NET Framework) is installed on this machine
2018-11-13 10:24:56:  - Test result is Success.
2018-11-13 10:24:56:  Processing : DB vs Mailbox count chart
2018-11-13 10:24:58:  Completed : DB vs Mailbox count chart
2018-11-13 10:24:58:  Processing : DB vs Backup days
2018-11-13 10:24:58:  Completed : DB vs Backup days chart
2018-11-13 10:24:58:  Processing : DB vs Size in GB chart
2018-11-13 10:24:58:  Completed : DB vs Size in GB chart
2018-11-13 10:24:58:  Processing : Mailbox Server Vs Mailbox CountB chart
2018-11-13 10:24:58:  Completed : Mailbox Server Vs Mailbox Count chart
2018-11-13 10:24:58:  Processing : Mailbox Server Vs Mounted DBs chart
2018-11-13 10:24:58:  Completed : Mailbox Server Vs Mounted DBs chart
2018-11-13 10:24:58:
2018-11-13 10:24:58:
2018-11-13 10:24:58: [Module 6 Charts] : Pass
2018-11-13 10:24:58:
2018-11-13 10:24:58:
2018-11-13 10:24:58:
2018-11-13 10:24:58: ------------------------------------------------------------
2018-11-13 10:24:58:[Module 7 Final Tasks] : Starting
2018-11-13 10:24:58:
2018-11-13 10:24:58:
2018-11-13 10:24:58: Sending Email :
2018-11-13 10:24:59: - To : john.battista@vegas.com
2018-11-13 10:24:59: - From : VVCEXMB01@vegas.com 
2018-11-13 10:24:59: - SMTP Host : 
2018-11-13 10:24:59: - Subject : Mail Health Report _2018-11-13
2018-11-13 10:24:59: - Directory to look at attachment D:\HealthScript\CorpEmailHealth\Reports\EmailReportFiles
2018-11-13 10:24:59: - Files to attached count = 6
2018-11-13 10:24:59:     - File  = D:\HealthScript\CorpEmailHealth\Reports\EmailReportFiles\DB DAG Layout.Html 
2018-11-13 10:24:59:     - File  = D:\HealthScript\CorpEmailHealth\Reports\EmailReportFiles\DB_Backup.png 
2018-11-13 10:24:59:     - File  = D:\HealthScript\CorpEmailHealth\Reports\EmailReportFiles\DB_MailboxCount.png 
2018-11-13 10:24:59:     - File  = D:\HealthScript\CorpEmailHealth\Reports\EmailReportFiles\DB_Size.png 
2018-11-13 10:24:59:     - File  = D:\HealthScript\CorpEmailHealth\Reports\EmailReportFiles\Srv_DBMountedCount.png 
2018-11-13 10:24:59:     - File  = D:\HealthScript\CorpEmailHealth\Reports\EmailReportFiles\Srv_MailboxCount.png 
2018-11-13 10:24:59: Email Sent to john.battista@vegas.com
2018-11-13 10:24:59:
2018-11-13 10:24:59:
2018-11-13 10:24:59: [Module 7 Final Tasks] : Pass
2018-11-13 10:24:59:
2018-11-13 10:24:59:
2018-11-13 10:24:59:
2018-11-13 10:24:59: ------------------------------------------------------------
2018-11-13 10:24:59: Script run time (Minutes:seconds:milliseconds): 2:0:972

***************************************************************************************************
Finished processing at [11/13/2018 10:24:59].
***************************************************************************************************
